Gen image for name:nasa.jpeg,ssize:,bwidth:,w:200,h:200,force:0
Gen image for name:nasa.jpeg,ssize:,bwidth:,w:200,h:200,force:0
Gen image for name:nasa.jpeg,ssize:,bwidth:,w:200,h:200,force:0
Gen image for name:nasa.jpeg,ssize:,bwidth:,w:200,h:200,force:0
Gen image for name:nasa.jpeg,ssize:,bwidth:,w:200,h:200,force:0
Gen image for name:nasa.jpeg,ssize:,bwidth:,w:200,h:200,force:0
Gen image for name:nasa.jpeg,ssize:,bwidth:,w:200,h:200,force:0
Gen image for name:nasa.jpeg,ssize:,bwidth:,w:200,h:200,force:0
Gen image for name:nasa.jpeg,ssize:,bwidth:,w:200,h:200,force:0
Gen image for name:nasa.jpeg,ssize:,bwidth:,w:200,h:200,force:0
Gen image for name:nasa.jpeg,ssize:,bwidth:,w:300,h:200,force:0
Gen image for name:nasa.jpeg,ssize:,bwidth:,w:50,h:200,force:0
Gen image for name:nasa.jpeg,ssize:,bwidth:,w:0,h:0,force:0
Gen image for name:,ssize:,bwidth:,w:0,h:0,force:0
Gen image for name:nasa.jpeg,ssize:,bwidth:,w:200,h:200,force:0
Gen image for name:nasa.jpeg,ssize:,bwidth:,w:3,h:200,force:0
Gen image for name:nasa.jpeg,ssize:,bwidth:,w:300,h:200,force:0
Gen image for name:nasa.jpeg,ssize:,bwidth:,w:400,h:200,force:0
Gen image for name:nasa.jpeg,ssize:,bwidth:,w:400,h:500,force:0
Gen image for name:nasa.jpeg,ssize:,bwidth:,w:400,h:600,force:0
Gen image for name:nasa.jpeg,ssize:,bwidth:,w:600,h:600,force:0
Gen image for name:nasa.jpeg,ssize:,bwidth:,w:600,h:400,force:0
Gen image for name:nasa.jpeg,ssize:,bwidth:,w:600,h:300,force:0
Gen image for name:nasa.jpeg,ssize:,bwidth:,w:600,h:610,force:0
Gen image for name:nasa.jpeg,ssize:,bwidth:,w:600,h:610,force:0
Gen image for name:nasa.jpeg,ssize:,bwidth:,w:600,h:625,force:0
Gen image for name:nasa.jpeg,ssize:,bwidth:,w:650,h:625,force:0
Gen image for name:nasa.jpeg,ssize:,bwidth:,w:650,h:700,force:0
Gen image for name:nasa.jpeg,ssize:,bwidth:,w:700,h:400,force:0
Gen image for name:nasa.jpeg,ssize:,bwidth:,w:700,h:100,force:0
Gen image for name:nasa.jpeg,ssize:,bwidth:,w:500,h:100,force:0
Gen image for name:nasa.jpeg,ssize:,bwidth:,w:500,h:600,force:0
Gen image for name:nasa.jpeg,ssize:,bwidth:,w:500,h:600,force:True
Gen image for name:nasa.jpeg,ssize:,bwidth:,w:500,h:600,force:False
Gen image for name:nasa.jpeg,ssize:,bwidth:,w:500,h:600,force:False
Gen image for name:nasa.jpeg,ssize:,bwidth:,w:500,h:600,force:False
Gen image for name:nasa.jpeg,ssize:,bwidth:,w:500,h:200,force:False
Gen image for name:nasa.jpeg,ssize:,bwidth:,w:200,h:200,force:False
Gen image for name:nasa.jpeg,ssize:,bwidth:,w:200,h:400,force:False
Gen image for name:nasa.jpeg,ssize:,bwidth:,w:300,h:400,force:False
Gen image for name:nasa.jpeg,ssize:,bwidth:,w:300,h:400,force:False
Gen image for name:nasa.jpeg,ssize:None,bwidth:None,w:300,h:400,force:False
Gen image for name:nasa.jpeg,ssize:1900,bwidth:None,w:0,h:0,force:False
Gen image for name:nasa.jpeg,ssize:1900,bwidth:None,w:0,h:0,force:False
Gen image for name:nasa.jpeg,ssize:1900,bwidth:None,w:0,h:0,force:False
Gen image for name:nasa.jpeg,ssize:1900,bwidth:None,w:0,h:0,force:False
Gen image for name:nasa.jpeg,ssize:320,bwidth:None,w:0,h:0,force:False
Gen image for name:nasa.jpeg,ssize:320,bwidth:None,w:0,h:0,force:False
Gen image for name:nasa.jpeg,ssize:320,bwidth:None,w:0,h:0,force:False
Gen image for name:nasa.jpeg,ssize:320,bwidth:None,w:0,h:0,force:False
Gen image for name:nasa.jpeg,ssize:480,bwidth:None,w:0,h:0,force:False
Gen image for name:nasa.jpeg,ssize:480,bwidth:None,w:0,h:0,force:False
Gen image for name:nasa.jpeg,ssize:480,bwidth:None,w:0,h:0,force:False
Gen image for name:nasa.jpeg,ssize:480,bwidth:None,w:0,h:0,force:False
Gen image for name:nasa.jpeg,ssize:480,bwidth:None,w:0,h:0,force:False
Gen image for name:nasa.jpeg,ssize:480,bwidth:2g,w:0,h:0,force:False
Gen image for name:nasa.jpeg,ssize:480,bwidth:4g,w:0,h:0,force:False
Gen image for name:nasa.jpeg,ssize:320,bwidth:4g,w:0,h:0,force:False
Gen image for name:nasa.jpeg,ssize:320,bwidth:2g,w:0,h:0,force:False
Gen image for name:nasa.jpeg,ssize:320,bwidth:2g,w:500,h:357,force:False
Generate image for name:,ssize:320,bwidth:2g,w:0,h:0,force:0
Issue in generating image for  - exceptiontrace:list index out of range
Generate image for name:nasa.jpeg,ssize:320,bwidth:2g,w:0,h:0,force:False
Generated image for nasa.jpeg_320_2g
Generate image for name:nasa.jpeg,ssize:320,bwidth:2g,w:0,h:0,force:False
Generated image for nasa.jpeg_320_2g
404image rendered because  not found
404image rendered because  not found
Generate image for name:nasa.jpeg,ssize:320,bwidth:2g,w:0,h:0,force:False
Generated image for nasa.jpeg_320_2g
Generate image for name:nasa1.jpeg,ssize:320,bwidth:2g,w:0,h:0,force:False
Issue in generating image for nasa1.jpeg - exceptiontrace:File nasa1.jpeg doesnt exist. Exception - File not found
Generate image for name:nasa1.jpeg,ssize:320,bwidth:2g,w:0,h:0,force:False
Issue in generating image for nasa1.jpeg - exceptiontrace:File nasa1.jpeg doesnt exist. Exception - File not found
Generate image for name:404image.jpeg,ssize:320,bwidth:2g,w:0,h:0,force:False
Issue in generating image for 404image.jpeg - exceptiontrace:File 404image.jpeg doesnt exist. Exception - File not found
Generate image for name:404image.jpeg,ssize:320,bwidth:2g,w:0,h:0,force:False
Issue in generating image for 404image.jpeg - exceptiontrace:File 404image.jpeg doesnt exist. Exception - File not found
Generate image for name:nasa.jpeg,ssize:320,bwidth:2g,w:0,h:0,force:False
Generated image for nasa.jpeg_320_2g
Generate image for name:404image.png,ssize:320,bwidth:2g,w:0,h:0,force:False
Generated image for 404image.png_320_2g
Generate image for name:nasa1.jpeg,ssize:320,bwidth:2g,w:0,h:0,force:False
Issue in generating image for nasa1.jpeg - exceptiontrace:File nasa1.jpeg doesnt exist. Exception - File not found
Generate image for name:nasa2.jpeg,ssize:320,bwidth:2g,w:0,h:0,force:False
Issue in generating image for nasa2.jpeg - exceptiontrace:File nasa2.jpeg doesnt exist. Exception - File not found
Generate image for name:nasa2.jpeg,ssize:320,bwidth:2g,w:0,h:0,force:False
Issue in generating image for nasa2.jpeg - exceptiontrace:File nasa2.jpeg doesnt exist. Exception - File not found
Generate image for name:nasa.jpeg,ssize:320,bwidth:2g,w:0,h:0,force:False
Generated image for nasa.jpeg_320_2g
Generate image for name:nasa2.jpeg,ssize:320,bwidth:2g,w:0,h:0,force:False
Issue in generating image for nasa2.jpeg - exceptiontrace:File nasa2.jpeg doesnt exist. Exception - File not found
Generate image for name:nasa2.jpeg,ssize:320,bwidth:2g,w:0,h:0,force:False
Issue in generating image for nasa2.jpeg - exceptiontrace:File nasa2.jpeg doesnt exist. Exception - File not found
Generate image for name:nasa.jpeg,ssize:320,bwidth:2g,w:0,h:0,force:False
Generated image for nasa.jpeg_320_2g
Generate image for name:nasa1.jpeg,ssize:320,bwidth:2g,w:0,h:0,force:False
Issue in generating image for nasa1.jpeg - exceptiontrace:File nasa1.jpeg doesnt exist. Exception - File not found
Generate image for name:nasa1.jpeg,ssize:320,bwidth:2g,w:0,h:0,force:False
Issue in generating image for nasa1.jpeg - exceptiontrace:File nasa1.jpeg doesnt exist. Exception - File not found
Generate image for name:nasa1.jpeg,ssize:320,bwidth:2g,w:0,h:0,force:False
Issue in generating image for nasa1.jpeg - exceptiontrace:File nasa1.jpeg doesnt exist. Exception - File not found
Generate image for name:nasa1.jpeg,ssize:320,bwidth:2g,w:0,h:0,force:False
Issue in generating image for nasa1.jpeg - exceptiontrace:File nasa1.jpeg doesnt exist. Exception - File not found
Generate image for name:nasa1.jpeg,ssize:320,bwidth:2g,w:0,h:0,force:False
Issue in generating image for nasa1.jpeg - exceptiontrace:File nasa1.jpeg doesnt exist. Exception - File not found
Generate image for name:nasa1.jpeg,ssize:320,bwidth:2g,w:0,h:0,force:False
Issue in generating image for nasa1.jpeg - exceptiontrace:File nasa1.jpeg doesnt exist. Exception - File not found
Generate image for name:nasa1.jpeg,ssize:320,bwidth:2g,w:0,h:0,force:False
Issue in generating image for nasa1.jpeg - exceptiontrace:File nasa1.jpeg doesnt exist. Exception - File not found
Generate image for name:nasa1.jpeg,ssize:320,bwidth:2g,w:0,h:0,force:False
Issue in generating image for nasa1.jpeg - exceptiontrace:File nasa1.jpeg doesnt exist. Exception - File not found
Generate image for name:nasa1.jpeg,ssize:320,bwidth:2g,w:0,h:0,force:False
Issue in generating image for nasa1.jpeg - exceptiontrace:File nasa1.jpeg doesnt exist. Exception - File not found
Generate image for name:nasa1.png,ssize:320,bwidth:2g,w:0,h:0,force:False
Issue in generating image for nasa1.png - exceptiontrace:File nasa1.png doesnt exist. Exception - File not found
Generate image for name:nasa1.png,ssize:320,bwidth:2g,w:0,h:0,force:False
Issue in generating image for nasa1.png - exceptiontrace:File nasa1.png doesnt exist. Exception - File not found
Generate image for name:nasa1.png,ssize:320,bwidth:2g,w:0,h:0,force:False
Issue in generating image for nasa1.png - exceptiontrace:File nasa1.png doesnt exist. Exception - File not found
500 error rendered because  not found
Generate image for name:nasa1.png,ssize:320,bwidth:2g,w:0,h:0,force:False
Issue in generating image for nasa1.png - exceptiontrace:File nasa1.png doesnt exist. Exception - File not found
500 error rendered because  not found
Generate image for name:nasa1.png,ssize:320,bwidth:2g,w:0,h:0,force:False
Issue in generating image for nasa1.png - exceptiontrace:File nasa1.png doesnt exist. Exception - File not found
500 error rendered because  not found
Generate image for name:nasa1.jpeg,ssize:320,bwidth:2g,w:0,h:0,force:False
Issue in generating image for nasa1.jpeg - exceptiontrace:File nasa1.jpeg doesnt exist. Exception - File not found
500 error rendered because  not found
Generate image for name:nasa.jpeg,ssize:320,bwidth:2g,w:0,h:0,force:False
Generated image for nasa.jpeg_320_2g
Generate image for name:nasa.jpeg,ssize:320,bwidth:2g,w:0,h:0,force:False
Generated image for nasa.jpeg_320_2g
Generate image for name:nasa1.jpeg,ssize:320,bwidth:2g,w:0,h:0,force:False
Issue in generating image for nasa1.jpeg - exceptiontrace:File nasa1.jpeg doesnt exist. Exception - File not found
500 error rendered because  not found
Generate image for name:404img.jpeg,ssize:320,bwidth:2g,w:0,h:0,force:False
Issue in generating image for 404img.jpeg - exceptiontrace:File 404img.jpeg doesnt exist. Exception - File not found
500 error rendered because  not found
