['config']
Dirname is in /Users/vishnuhari/Documents/PythonML/dynamicImgprocessor/config.cfg
Done initialization
Generating file nasa.jpeg
Image nasa.jpeg is generated from path /users/vishnuhari/pictures/nasa.jpeg
Size of image is (1534, 1022)
Using image thumbnail method - WXH = 200_133
Image nasa.jpeg is generated with force 0
Completed image for nasa.jpeg in finally
Starttime is 1496561069.4491048
['config']
Dirname is in /Users/vishnuhari/Documents/PythonML/dynamicImgprocessor/config.cfg
Done initialization
Generating file nasa.jpeg
Image nasa.jpeg is generated from path /users/vishnuhari/pictures/nasa.jpeg
Size of image is (1534, 1022)
Using image thumbnail method - WXH = 200_133
Image nasa.jpeg is generated with force 0
Completed image for nasa.jpeg in finally
['config']
Dirname is in /Users/vishnuhari/Documents/PythonML/dynamicImgprocessor/config.cfg
Done initialization
Generating file nasa.jpeg
Image nasa.jpeg is generated from path /users/vishnuhari/pictures/nasa.jpeg
Size of image is (1534, 1022)
Using image thumbnail method - WXH = 200_133
Image nasa.jpeg is generated with force 0
Completed image for nasa.jpeg in finally
Starttime is 1496561215.229055
['config']
Dirname is in /Users/vishnuhari/Documents/PythonML/dynamicImgprocessor/config.cfg
Done initialization
Generating file nasa.jpeg
Image nasa.jpeg is generated from path /users/vishnuhari/pictures/nasa.jpeg
Size of image is (1534, 1022)
Using image thumbnail method - WXH = 200_133
Image nasa.jpeg is generated with force 0
Completed image for nasa.jpeg in finally
['config']
Dirname is in /Users/vishnuhari/Documents/PythonML/dynamicImgprocessor/config.cfg
Done initialization
Generating file nasa.jpeg
Image nasa.jpeg is generated from path /users/vishnuhari/pictures/nasa.jpeg
Size of image is (1534, 1022)
Using image thumbnail method - WXH = 200_133
Image nasa.jpeg is generated with force 0
Completed image for nasa.jpeg in finally
['config']
Dirname is in /Users/vishnuhari/Documents/PythonML/dynamicImgprocessor/config.cfg
Done initialization
Generating file nasa.jpeg
Image nasa.jpeg is generated from path /users/vishnuhari/pictures/nasa.jpeg
Size of image is (1534, 1022)
Using image thumbnail method - WXH = 200_133
Image nasa.jpeg is generated with force 0
Completed image for nasa.jpeg in finally
['config']
Dirname is in /Users/vishnuhari/Documents/PythonML/dynamicImgprocessor/config.cfg
Done initialization
Generating file nasa.jpeg
Image nasa.jpeg is generated from path /users/vishnuhari/pictures/nasa.jpeg
Size of image is (1534, 1022)
Using image thumbnail method - WXH = 200_133
Image nasa.jpeg is generated with force 0
Completed image for nasa.jpeg in finally
['config']
Dirname is in /Users/vishnuhari/Documents/PythonML/dynamicImgprocessor/config.cfg
Done initialization
Generating file nasa.jpeg
Image nasa.jpeg is generated from path /users/vishnuhari/pictures/nasa.jpeg
Size of image is (1534, 1022)
Using image thumbnail method - WXH = 200_133
Image nasa.jpeg is generated with force 0
Completed image for nasa.jpeg in finally
['config']
Dirname is in /Users/vishnuhari/Documents/PythonML/dynamicImgprocessor/config.cfg
Done initialization
Generating file nasa.jpeg
Image nasa.jpeg is generated from path /users/vishnuhari/pictures/nasa.jpeg
Size of image is (1534, 1022)
Using image thumbnail method - WXH = 200_133
Image nasa.jpeg is generated with force 0
Completed image for nasa.jpeg in finally
['config']
Dirname is in /Users/vishnuhari/Documents/PythonML/dynamicImgprocessor/config.cfg
Done initialization
Generating file nasa.jpeg
Image nasa.jpeg is generated from path /users/vishnuhari/pictures/nasa.jpeg
Size of image is (1534, 1022)
Using image thumbnail method - WXH = 200_133
Image nasa.jpeg is generated with force 0
Completed image for nasa.jpeg in finally
['config']
Dirname is in /Users/vishnuhari/Documents/PythonML/dynamicImgprocessor/config.cfg
Done initialization
Generating file nasa.jpeg
Image nasa.jpeg is generated from path /users/vishnuhari/pictures/nasa.jpeg
Size of image is (1534, 1022)
Using image thumbnail method - WXH = 300_199
Image nasa.jpeg is generated with force 0
Completed image for nasa.jpeg in finally
['config']
Dirname is in /Users/vishnuhari/Documents/PythonML/dynamicImgprocessor/config.cfg
Done initialization
Generating file nasa.jpeg
Image nasa.jpeg is generated from path /users/vishnuhari/pictures/nasa.jpeg
Size of image is (1534, 1022)
Using image thumbnail method - WXH = 50_33
Image nasa.jpeg is generated with force 0
Completed image for nasa.jpeg in finally
['config']
Dirname is in /Users/vishnuhari/Documents/PythonML/dynamicImgprocessor/config.cfg
Done initialization
Generating file nasa.jpeg
Size & bandwidth is 1080 & *
Sumup value is 13
Image nasa.jpeg is generated from path /users/vishnuhari/pictures/nasa.jpeg
Size of image is (1534, 1022)
Using image resize method - WXH = 1150_766
Image nasa.jpeg is generated with force 0
Completed image for nasa.jpeg in finally
['config']
Dirname is in /Users/vishnuhari/Documents/PythonML/dynamicImgprocessor/config.cfg
Done initialization
Generating file 
Size & bandwidth is 1080 & *
Sumup value is 13
Completed image for  in finally
Starttime is 1496561827.345132
['config']
Dirname is in /Users/vishnuhari/Documents/PythonML/dynamicImgprocessor/config.cfg
Done initialization
Generating file nasa.jpeg
Image nasa.jpeg is generated from path /users/vishnuhari/pictures/nasa.jpeg
Size of image is (1534, 1022)
Using image thumbnail method - WXH = 200_133
Image nasa.jpeg is generated with force 0
Completed image for nasa.jpeg in finally
Starttime is 1496561844.531762
['config']
Dirname is in /Users/vishnuhari/Documents/PythonML/dynamicImgprocessor/config.cfg
Done initialization
Generating file nasa.jpeg
Image nasa.jpeg is generated from path /users/vishnuhari/pictures/nasa.jpeg
Size of image is (1534, 1022)
Using image thumbnail method - WXH = 3_1
Image nasa.jpeg is generated with force 0
Completed image for nasa.jpeg in finally
['config']
Dirname is in /Users/vishnuhari/Documents/PythonML/dynamicImgprocessor/config.cfg
Done initialization
Generating file nasa.jpeg
Image nasa.jpeg is generated from path /users/vishnuhari/pictures/nasa.jpeg
Size of image is (1534, 1022)
Using image thumbnail method - WXH = 300_199
Image nasa.jpeg is generated with force 0
Completed image for nasa.jpeg in finally
Starttime is 1496561867.065964
['config']
Dirname is in /Users/vishnuhari/Documents/PythonML/dynamicImgprocessor/config.cfg
Done initialization
Generating file nasa.jpeg
Image nasa.jpeg is generated from path /users/vishnuhari/pictures/nasa.jpeg
Size of image is (1534, 1022)
Using image thumbnail method - WXH = 300_200
Image nasa.jpeg is generated with force 0
Completed image for nasa.jpeg in finally
Starttime is 1496561884.6575942
['config']
Dirname is in /Users/vishnuhari/Documents/PythonML/dynamicImgprocessor/config.cfg
Done initialization
Generating file nasa.jpeg
Image nasa.jpeg is generated from path /users/vishnuhari/pictures/nasa.jpeg
Size of image is (1534, 1022)
Using image thumbnail method - WXH = 400_266
Image nasa.jpeg is generated with force 0
Completed image for nasa.jpeg in finally
Starttime is 1496561894.923339
['config']
Dirname is in /Users/vishnuhari/Documents/PythonML/dynamicImgprocessor/config.cfg
Done initialization
Generating file nasa.jpeg
Image nasa.jpeg is generated from path /users/vishnuhari/pictures/nasa.jpeg
Size of image is (1534, 1022)
Using image thumbnail method - WXH = 400_266
Image nasa.jpeg is generated with force 0
Completed image for nasa.jpeg in finally
Starttime is 1496561899.992827
['config']
Dirname is in /Users/vishnuhari/Documents/PythonML/dynamicImgprocessor/config.cfg
Done initialization
Generating file nasa.jpeg
Image nasa.jpeg is generated from path /users/vishnuhari/pictures/nasa.jpeg
Size of image is (1534, 1022)
Using image thumbnail method - WXH = 600_399
Image nasa.jpeg is generated with force 0
Completed image for nasa.jpeg in finally
Starttime is 1496561903.5295339
['config']
Dirname is in /Users/vishnuhari/Documents/PythonML/dynamicImgprocessor/config.cfg
Done initialization
Generating file nasa.jpeg
Image nasa.jpeg is generated from path /users/vishnuhari/pictures/nasa.jpeg
Size of image is (1534, 1022)
Using image thumbnail method - WXH = 600_399
Image nasa.jpeg is generated with force 0
Completed image for nasa.jpeg in finally
Starttime is 1496561913.009484
['config']
Dirname is in /Users/vishnuhari/Documents/PythonML/dynamicImgprocessor/config.cfg
Done initialization
Generating file nasa.jpeg
Image nasa.jpeg is generated from path /users/vishnuhari/pictures/nasa.jpeg
Size of image is (1534, 1022)
Using image thumbnail method - WXH = 451_300
Image nasa.jpeg is generated with force 0
Completed image for nasa.jpeg in finally
Starttime is 1496561927.129743
['config']
Dirname is in /Users/vishnuhari/Documents/PythonML/dynamicImgprocessor/config.cfg
Done initialization
Generating file nasa.jpeg
Image nasa.jpeg is generated from path /users/vishnuhari/pictures/nasa.jpeg
Size of image is (1534, 1022)
Using image thumbnail method - WXH = 600_399
Image nasa.jpeg is generated with force 0
Completed image for nasa.jpeg in finally
Starttime is 1496561935.733515
['config']
Dirname is in /Users/vishnuhari/Documents/PythonML/dynamicImgprocessor/config.cfg
Done initialization
Generating file nasa.jpeg
Image nasa.jpeg is generated from path /users/vishnuhari/pictures/nasa.jpeg
Size of image is (1534, 1022)
Using image thumbnail method - WXH = 600_399
Image nasa.jpeg is generated with force 0
Completed image for nasa.jpeg in finally
Starttime is 1496561943.145258
['config']
Dirname is in /Users/vishnuhari/Documents/PythonML/dynamicImgprocessor/config.cfg
Done initialization
Generating file nasa.jpeg
Image nasa.jpeg is generated from path /users/vishnuhari/pictures/nasa.jpeg
Size of image is (1534, 1022)
Using image thumbnail method - WXH = 600_399
Image nasa.jpeg is generated with force 0
Completed image for nasa.jpeg in finally
Starttime is 1496561957.625504
['config']
Dirname is in /Users/vishnuhari/Documents/PythonML/dynamicImgprocessor/config.cfg
Done initialization
Generating file nasa.jpeg
Image nasa.jpeg is generated from path /users/vishnuhari/pictures/nasa.jpeg
Size of image is (1534, 1022)
Using image thumbnail method - WXH = 650_433
Image nasa.jpeg is generated with force 0
Completed image for nasa.jpeg in finally
Starttime is 1496561973.978226
['config']
Dirname is in /Users/vishnuhari/Documents/PythonML/dynamicImgprocessor/config.cfg
Done initialization
Generating file nasa.jpeg
Image nasa.jpeg is generated from path /users/vishnuhari/pictures/nasa.jpeg
Size of image is (1534, 1022)
Using image thumbnail method - WXH = 650_433
Image nasa.jpeg is generated with force 0
Completed image for nasa.jpeg in finally
Starttime is 1496561980.41094
['config']
Dirname is in /Users/vishnuhari/Documents/PythonML/dynamicImgprocessor/config.cfg
Done initialization
Generating file nasa.jpeg
Image nasa.jpeg is generated from path /users/vishnuhari/pictures/nasa.jpeg
Size of image is (1534, 1022)
Using image thumbnail method - WXH = 600_400
Image nasa.jpeg is generated with force 0
Completed image for nasa.jpeg in finally
Starttime is 1496561994.9285061
['config']
Dirname is in /Users/vishnuhari/Documents/PythonML/dynamicImgprocessor/config.cfg
Done initialization
Generating file nasa.jpeg
Image nasa.jpeg is generated from path /users/vishnuhari/pictures/nasa.jpeg
Size of image is (1534, 1022)
Using image thumbnail method - WXH = 150_100
Image nasa.jpeg is generated with force 0
Completed image for nasa.jpeg in finally
Starttime is 1496561999.953106
['config']
Dirname is in /Users/vishnuhari/Documents/PythonML/dynamicImgprocessor/config.cfg
Done initialization
Generating file nasa.jpeg
Image nasa.jpeg is generated from path /users/vishnuhari/pictures/nasa.jpeg
Size of image is (1534, 1022)
Using image thumbnail method - WXH = 150_100
Image nasa.jpeg is generated with force 0
Completed image for nasa.jpeg in finally
Starttime is 1496562003.568485
['config']
Dirname is in /Users/vishnuhari/Documents/PythonML/dynamicImgprocessor/config.cfg
Done initialization
Generating file nasa.jpeg
Image nasa.jpeg is generated from path /users/vishnuhari/pictures/nasa.jpeg
Size of image is (1534, 1022)
Using image thumbnail method - WXH = 500_333
Image nasa.jpeg is generated with force 0
Completed image for nasa.jpeg in finally
['config']
Dirname is in /Users/vishnuhari/Documents/PythonML/dynamicImgprocessor/config.cfg
Done initialization
Generating file nasa.jpeg
Image nasa.jpeg is generated from path /users/vishnuhari/pictures/nasa.jpeg
Size of image is (1534, 1022)
Using image resize method - WXH = 500_600
Image nasa.jpeg is generated with force True
Completed image for nasa.jpeg in finally
Starttime is 1496562032.567992
['config']
Dirname is in /Users/vishnuhari/Documents/PythonML/dynamicImgprocessor/config.cfg
Done initialization
Generating file nasa.jpeg
Image nasa.jpeg is generated from path /users/vishnuhari/pictures/nasa.jpeg
Size of image is (1534, 1022)
Using image thumbnail method - WXH = 500_333
Image nasa.jpeg is generated with force False
Completed image for nasa.jpeg in finally
Starttime is 1496562034.814862
['config']
Dirname is in /Users/vishnuhari/Documents/PythonML/dynamicImgprocessor/config.cfg
Done initialization
Generating file nasa.jpeg
Image nasa.jpeg is generated from path /users/vishnuhari/pictures/nasa.jpeg
Size of image is (1534, 1022)
Using image thumbnail method - WXH = 500_333
Image nasa.jpeg is generated with force False
Completed image for nasa.jpeg in finally
Starttime is 1496562037.332903
['config']
Dirname is in /Users/vishnuhari/Documents/PythonML/dynamicImgprocessor/config.cfg
Done initialization
Generating file nasa.jpeg
Image nasa.jpeg is generated from path /users/vishnuhari/pictures/nasa.jpeg
Size of image is (1534, 1022)
Using image thumbnail method - WXH = 500_333
Image nasa.jpeg is generated with force False
Completed image for nasa.jpeg in finally
Starttime is 1496562040.375326
['config']
Dirname is in /Users/vishnuhari/Documents/PythonML/dynamicImgprocessor/config.cfg
Done initialization
Generating file nasa.jpeg
Image nasa.jpeg is generated from path /users/vishnuhari/pictures/nasa.jpeg
Size of image is (1534, 1022)
Using image thumbnail method - WXH = 300_200
Image nasa.jpeg is generated with force False
Completed image for nasa.jpeg in finally
Starttime is 1496562043.888988
['config']
Dirname is in /Users/vishnuhari/Documents/PythonML/dynamicImgprocessor/config.cfg
Done initialization
Generating file nasa.jpeg
Image nasa.jpeg is generated from path /users/vishnuhari/pictures/nasa.jpeg
Size of image is (1534, 1022)
Using image thumbnail method - WXH = 200_133
Image nasa.jpeg is generated with force False
Completed image for nasa.jpeg in finally
Starttime is 1496562047.50494
['config']
Dirname is in /Users/vishnuhari/Documents/PythonML/dynamicImgprocessor/config.cfg
Done initialization
Generating file nasa.jpeg
Image nasa.jpeg is generated from path /users/vishnuhari/pictures/nasa.jpeg
Size of image is (1534, 1022)
Using image thumbnail method - WXH = 200_133
Image nasa.jpeg is generated with force False
Completed image for nasa.jpeg in finally
Starttime is 1496562051.537529
['config']
Dirname is in /Users/vishnuhari/Documents/PythonML/dynamicImgprocessor/config.cfg
Done initialization
Generating file nasa.jpeg
Image nasa.jpeg is generated from path /users/vishnuhari/pictures/nasa.jpeg
Size of image is (1534, 1022)
Using image thumbnail method - WXH = 300_199
Image nasa.jpeg is generated with force False
Completed image for nasa.jpeg in finally
Starttime is 1496562061.3048398
['config']
Dirname is in /Users/vishnuhari/Documents/PythonML/dynamicImgprocessor/config.cfg
Done initialization
Generating file nasa.jpeg
Image nasa.jpeg is generated from path /users/vishnuhari/pictures/nasa.jpeg
Size of image is (1534, 1022)
Using image thumbnail method - WXH = 300_199
Image nasa.jpeg is generated with force False
Completed image for nasa.jpeg in finally
['config']
Dirname is in /Users/vishnuhari/Documents/PythonML/dynamicImgprocessor/config.cfg
Done initialization
Generating file nasa.jpeg
Image nasa.jpeg is generated from path /users/vishnuhari/pictures/nasa.jpeg
Size of image is (1534, 1022)
Using image thumbnail method - WXH = 300_199
Image nasa.jpeg is generated with force False
Completed image for nasa.jpeg in finally
['config']
Dirname is in /Users/vishnuhari/Documents/PythonML/dynamicImgprocessor/config.cfg
Done initialization
Generating file nasa.jpeg
Size & bandwidth is 1900 & *
Sumup value is 13
Image nasa.jpeg is generated from path /users/vishnuhari/pictures/nasa.jpeg
Size of image is (1534, 1022)
Using image resize method - WXH = 1150_766
Image nasa.jpeg is generated with force False
Completed image for nasa.jpeg in finally
['config']
Dirname is in /Users/vishnuhari/Documents/PythonML/dynamicImgprocessor/config.cfg
Done initialization
Generating file nasa.jpeg
Size & bandwidth is 1900 & *
Sumup value is 13
Image nasa.jpeg is generated from path /users/vishnuhari/pictures/nasa.jpeg
Size of image is (1534, 1022)
Using image resize method - WXH = 1150_766
Image nasa.jpeg is generated with force False
Completed image for nasa.jpeg in finally
Starttime is 1496562315.635221
['config']
Dirname is in /Users/vishnuhari/Documents/PythonML/dynamicImgprocessor/config.cfg
Done initialization
Generating file nasa.jpeg
Size & bandwidth is 1900 & *
Sumup value is 13
Image nasa.jpeg is generated from path /users/vishnuhari/pictures/nasa.jpeg
Size of image is (1534, 1022)
Using image resize method - WXH = 1150_766
Image nasa.jpeg is generated with force False
Completed image for nasa.jpeg in finally
Starttime is 1496562396.174185
['config']
Dirname is in /Users/vishnuhari/Documents/PythonML/dynamicImgprocessor/config.cfg
Done initialization
Generating file nasa.jpeg
Size & bandwidth is 1900 & *
Sumup value is 13
Image nasa.jpeg is generated from path /users/vishnuhari/pictures/nasa.jpeg
Size of image is (1534, 1022)
Using image resize method - WXH = 1150_766
Image nasa.jpeg is generated with force False
Completed image for nasa.jpeg in finally
Starttime is 1496562417.186677
['config']
Dirname is in /Users/vishnuhari/Documents/PythonML/dynamicImgprocessor/config.cfg
Done initialization
Generating file nasa.jpeg
Size & bandwidth is 320 & *
Sumup value is 7
Image nasa.jpeg is generated from path /users/vishnuhari/pictures/nasa.jpeg
Size of image is (1534, 1022)
Using image resize method - WXH = 690_459
Image nasa.jpeg is generated with force False
Completed image for nasa.jpeg in finally
Starttime is 1496562434.6908932
['config']
Dirname is in /Users/vishnuhari/Documents/PythonML/dynamicImgprocessor/config.cfg
Done initialization
Generating file nasa.jpeg
Size & bandwidth is 320 & *
Sumup value is 7
Image nasa.jpeg is generated from path /users/vishnuhari/pictures/nasa.jpeg
Size of image is (1534, 1022)
Using image resize method - WXH = 690_459
Image nasa.jpeg is generated with force False
Completed image for nasa.jpeg in finally
Starttime is 1496562444.643904
['config']
Dirname is in /Users/vishnuhari/Documents/PythonML/dynamicImgprocessor/config.cfg
Done initialization
Generating file nasa.jpeg
Size & bandwidth is 320 & *
Sumup value is 7
Image nasa.jpeg is generated from path /users/vishnuhari/pictures/nasa.jpeg
Size of image is (1534, 1022)
Using image resize method - WXH = 690_459
Image nasa.jpeg is generated with force False
Completed image for nasa.jpeg in finally
Starttime is 1496562455.738924
['config']
Dirname is in /Users/vishnuhari/Documents/PythonML/dynamicImgprocessor/config.cfg
Done initialization
Generating file nasa.jpeg
Size & bandwidth is 320 & *
Sumup value is 7
Image nasa.jpeg is generated from path /users/vishnuhari/pictures/nasa.jpeg
Size of image is (1534, 1022)
Using image resize method - WXH = 690_459
Image nasa.jpeg is generated with force False
Completed image for nasa.jpeg in finally
Starttime is 1496562475.364647
['config']
Dirname is in /Users/vishnuhari/Documents/PythonML/dynamicImgprocessor/config.cfg
Done initialization
Generating file nasa.jpeg
Size & bandwidth is 480 & *
Sumup value is 8
Image nasa.jpeg is generated from path /users/vishnuhari/pictures/nasa.jpeg
Size of image is (1534, 1022)
Using image resize method - WXH = 920_612
Image nasa.jpeg is generated with force False
Completed image for nasa.jpeg in finally
Starttime is 1496562492.5702999
['config']
Dirname is in /Users/vishnuhari/Documents/PythonML/dynamicImgprocessor/config.cfg
Done initialization
Generating file nasa.jpeg
Size & bandwidth is 480 & *
Sumup value is 8
Image nasa.jpeg is generated from path /users/vishnuhari/pictures/nasa.jpeg
Size of image is (1534, 1022)
Using image resize method - WXH = 920_612
Image nasa.jpeg is generated with force False
Completed image for nasa.jpeg in finally
Starttime is 1496562498.388127
['config']
Dirname is in /Users/vishnuhari/Documents/PythonML/dynamicImgprocessor/config.cfg
Done initialization
Generating file nasa.jpeg
Size & bandwidth is 480 & *
Sumup value is 8
Image nasa.jpeg is generated from path /users/vishnuhari/pictures/nasa.jpeg
Size of image is (1534, 1022)
Using image resize method - WXH = 920_612
Image nasa.jpeg is generated with force False
Completed image for nasa.jpeg in finally
['config']
Dirname is in /Users/vishnuhari/Documents/PythonML/dynamicImgprocessor/config.cfg
Done initialization
Generating file nasa.jpeg
Size & bandwidth is 480 & *
Sumup value is 8
Image nasa.jpeg is generated from path /users/vishnuhari/pictures/nasa.jpeg
Size of image is (1534, 1022)
Using image resize method - WXH = 920_612
Image nasa.jpeg is generated with force False
Completed image for nasa.jpeg in finally
Starttime is 1496564151.35796
['config']
Dirname is in /Users/vishnuhari/Documents/PythonML/dynamicImgprocessor/config.cfg
Done initialization
Generating file nasa.jpeg
Size & bandwidth is 480 & *
Sumup value is 8
Image nasa.jpeg is generated from path /users/vishnuhari/pictures/nasa.jpeg
Size of image is (1534, 1022)
Using image resize method - WXH = 920_612
Image nasa.jpeg is generated with force False
Completed image for nasa.jpeg in finally
['config']
Dirname is in /Users/vishnuhari/Documents/PythonML/dynamicImgprocessor/config.cfg
Done initialization
Generating file nasa.jpeg
Size & bandwidth is 480 & 2g
Sumup value is 4
Image nasa.jpeg is generated from path /users/vishnuhari/pictures/nasa.jpeg
Size of image is (1534, 1022)
Using image resize method - WXH = 536_357
Image nasa.jpeg is generated with force False
Completed image for nasa.jpeg in finally
Starttime is 1496564223.4987361
['config']
Dirname is in /Users/vishnuhari/Documents/PythonML/dynamicImgprocessor/config.cfg
Done initialization
Generating file nasa.jpeg
Size & bandwidth is 480 & 4g
Sumup value is 6
Image nasa.jpeg is generated from path /users/vishnuhari/pictures/nasa.jpeg
Size of image is (1534, 1022)
Using image resize method - WXH = 690_459
Image nasa.jpeg is generated with force False
Completed image for nasa.jpeg in finally
Starttime is 1496564239.982145
['config']
Dirname is in /Users/vishnuhari/Documents/PythonML/dynamicImgprocessor/config.cfg
Done initialization
Generating file nasa.jpeg
Size & bandwidth is 320 & 4g
Sumup value is 5
Image nasa.jpeg is generated from path /users/vishnuhari/pictures/nasa.jpeg
Size of image is (1534, 1022)
Using image resize method - WXH = 690_459
Image nasa.jpeg is generated with force False
Completed image for nasa.jpeg in finally
Starttime is 1496564250.6295092
['config']
Dirname is in /Users/vishnuhari/Documents/PythonML/dynamicImgprocessor/config.cfg
Done initialization
Generating file nasa.jpeg
Size & bandwidth is 320 & 2g
Sumup value is 3
Image nasa.jpeg is generated from path /users/vishnuhari/pictures/nasa.jpeg
Size of image is (1534, 1022)
Using image resize method - WXH = 536_357
Image nasa.jpeg is generated with force False
Completed image for nasa.jpeg in finally
Starttime is 1496564303.830078
['config']
Dirname is in /Users/vishnuhari/Documents/PythonML/dynamicImgprocessor/config.cfg
Done initialization
Generating file nasa.jpeg
Image nasa.jpeg is generated from path /users/vishnuhari/pictures/nasa.jpeg
Size of image is (1534, 1022)
Using image thumbnail method - WXH = 500_333
Image nasa.jpeg is generated with force False
Completed image for nasa.jpeg in finally
['config']
Dirname is in /Users/vishnuhari/Documents/PythonML/dynamicImgprocessor/config.cfg
Done initialization
Generating file 
Size & bandwidth is 320 & 2g
Sumup value is 3
Completed image for  in finally
Starttime is 1496565240.998674
['config']
Dirname is in /Users/vishnuhari/Documents/PythonML/dynamicImgprocessor/config.cfg
Done initialization
Generating file nasa.jpeg
Size & bandwidth is 320 & 2g
Sumup value is 3
Image nasa.jpeg is generated from path /users/vishnuhari/pictures/nasa.jpeg
Size of image is (1534, 1022)
Using image resize method - WXH = 536_357
Image nasa.jpeg is generated with force False
Completed image for nasa.jpeg in finally
['config']
Dirname is in /Users/vishnuhari/Documents/PythonML/dynamicImgprocessor/config.cfg
Done initialization
Generating file nasa.jpeg
Size & bandwidth is 320 & 2g
Sumup value is 3
Image nasa.jpeg is generated from path /users/vishnuhari/pictures/nasa.jpeg
Size of image is (1534, 1022)
Using image resize method - WXH = 536_357
Image nasa.jpeg is generated with force False
Completed image for nasa.jpeg in finally
['config']
Dirname is in /Users/vishnuhari/Documents/PythonML/dynamicImgprocessor/config.cfg
Done initialization
Generating file 404image.png
Size & bandwidth is 1080 & *
Sumup value is 13
Image 404image.png is generated from path /users/vishnuhari/pictures/404image.png
Size of image is (173, 60)
Using image resize method - WXH = 129_44
Image 404image.png is generated with force 0
Completed image for 404image.png in finally
Starttime is 1496566972.235861
['config']
Dirname is in /Users/vishnuhari/Documents/PythonML/dynamicImgprocessor/config.cfg
Done initialization
Generating file 404image.png
Size & bandwidth is 1080 & *
Sumup value is 13
Image 404image.png is generated from path /users/vishnuhari/pictures/404image.png
Size of image is (173, 60)
Using image resize method - WXH = 129_44
Image 404image.png is generated with force 0
Completed image for 404image.png in finally
Starttime is 1496566976.2509189
['config']
Dirname is in /Users/vishnuhari/Documents/PythonML/dynamicImgprocessor/config.cfg
Done initialization
Generating file nasa.jpeg
Size & bandwidth is 320 & 2g
Sumup value is 3
Image nasa.jpeg is generated from path /users/vishnuhari/pictures/nasa.jpeg
Size of image is (1534, 1022)
Using image resize method - WXH = 536_357
Image nasa.jpeg is generated with force False
Completed image for nasa.jpeg in finally
Starttime is 1496566979.2523022
['config']
Dirname is in /Users/vishnuhari/Documents/PythonML/dynamicImgprocessor/config.cfg
Done initialization
Generating file nasa1.jpeg
Size & bandwidth is 320 & 2g
Sumup value is 3
Image nasa1.jpeg is generated from path /users/vishnuhari/pictures/nasa1.jpeg
Completed image for nasa1.jpeg in finally
['config']
Dirname is in /Users/vishnuhari/Documents/PythonML/dynamicImgprocessor/config.cfg
Done initialization
Generating file nasa1.jpeg
Size & bandwidth is 320 & 2g
Sumup value is 3
Image nasa1.jpeg is generated from path /users/vishnuhari/pictures/nasa1.jpeg
Completed image for nasa1.jpeg in finally
Starttime is 1496567103.419342
['config']
Dirname is in /Users/vishnuhari/Documents/PythonML/dynamicImgprocessor/config.cfg
Done initialization
Generating file 404image.jpeg
Size & bandwidth is 320 & 2g
Sumup value is 3
Image 404image.jpeg is generated from path /users/vishnuhari/pictures/404image.jpeg
Completed image for 404image.jpeg in finally
Starttime is 1496567105.6217961
['config']
Dirname is in /Users/vishnuhari/Documents/PythonML/dynamicImgprocessor/config.cfg
Done initialization
Generating file 404image.jpeg
Size & bandwidth is 320 & 2g
Sumup value is 3
Image 404image.jpeg is generated from path /users/vishnuhari/pictures/404image.jpeg
Completed image for 404image.jpeg in finally
['config']
Dirname is in /Users/vishnuhari/Documents/PythonML/dynamicImgprocessor/config.cfg
Done initialization
Generating file 404image.png
Size & bandwidth is 1080 & *
Sumup value is 13
Image 404image.png is generated from path /users/vishnuhari/pictures/404image.png
Size of image is (173, 60)
Using image resize method - WXH = 129_44
Image 404image.png is generated with force 0
Completed image for 404image.png in finally
Starttime is 1496567464.377193
['config']
Dirname is in /Users/vishnuhari/Documents/PythonML/dynamicImgprocessor/config.cfg
Done initialization
Generating file nasa.jpeg
Size & bandwidth is 320 & 2g
Sumup value is 3
Image nasa.jpeg is generated from path /users/vishnuhari/pictures/nasa.jpeg
Size of image is (1534, 1022)
Using image resize method - WXH = 536_357
Image nasa.jpeg is generated with force False
Completed image for nasa.jpeg in finally
Starttime is 1496567479.523198
['config']
Dirname is in /Users/vishnuhari/Documents/PythonML/dynamicImgprocessor/config.cfg
Done initialization
Generating file 404image.png
Size & bandwidth is 320 & 2g
Sumup value is 3
Image 404image.png is generated from path /users/vishnuhari/pictures/404image.png
Size of image is (173, 60)
Using image resize method - WXH = 60_20
Image 404image.png is generated with force False
Completed image for 404image.png in finally
Starttime is 1496567486.683566
['config']
Dirname is in /Users/vishnuhari/Documents/PythonML/dynamicImgprocessor/config.cfg
Done initialization
Generating file nasa1.jpeg
Size & bandwidth is 320 & 2g
Sumup value is 3
Image nasa1.jpeg is generated from path /users/vishnuhari/pictures/nasa1.jpeg
Completed image for nasa1.jpeg in finally
Starttime is 1496567520.284621
['config']
Dirname is in /Users/vishnuhari/Documents/PythonML/dynamicImgprocessor/config.cfg
Done initialization
Generating file nasa2.jpeg
Size & bandwidth is 320 & 2g
Sumup value is 3
Image nasa2.jpeg is generated from path /users/vishnuhari/pictures/nasa2.jpeg
Completed image for nasa2.jpeg in finally
['config']
Dirname is in /Users/vishnuhari/Documents/PythonML/dynamicImgprocessor/config.cfg
Done initialization
Generating file nasa2.jpeg
Size & bandwidth is 320 & 2g
Sumup value is 3
Image nasa2.jpeg is generated from path /users/vishnuhari/pictures/nasa2.jpeg
Completed image for nasa2.jpeg in finally
Starttime is 1496567540.20339
['config']
Dirname is in /Users/vishnuhari/Documents/PythonML/dynamicImgprocessor/config.cfg
Done initialization
Generating file nasa.jpeg
Size & bandwidth is 320 & 2g
Sumup value is 3
Image nasa.jpeg is generated from path /users/vishnuhari/pictures/nasa.jpeg
Size of image is (1534, 1022)
Using image resize method - WXH = 536_357
Image nasa.jpeg is generated with force False
Completed image for nasa.jpeg in finally
Starttime is 1496567543.33105
['config']
Dirname is in /Users/vishnuhari/Documents/PythonML/dynamicImgprocessor/config.cfg
Done initialization
Generating file nasa2.jpeg
Size & bandwidth is 320 & 2g
Sumup value is 3
Image nasa2.jpeg is generated from path /users/vishnuhari/pictures/nasa2.jpeg
Completed image for nasa2.jpeg in finally
Starttime is 1496567562.806033
['config']
Dirname is in /Users/vishnuhari/Documents/PythonML/dynamicImgprocessor/config.cfg
Done initialization
Generating file nasa2.jpeg
Size & bandwidth is 320 & 2g
Sumup value is 3
Image nasa2.jpeg is generated from path /users/vishnuhari/pictures/nasa2.jpeg
Completed image for nasa2.jpeg in finally
['config']
Dirname is in /Users/vishnuhari/Documents/PythonML/dynamicImgprocessor/config.cfg
Done initialization
Generating file nasa.jpeg
Size & bandwidth is 320 & 2g
Sumup value is 3
Image nasa.jpeg is generated from path /users/vishnuhari/pictures/nasa.jpeg
Size of image is (1534, 1022)
Using image resize method - WXH = 536_357
Image nasa.jpeg is generated with force False
Completed image for nasa.jpeg in finally
Starttime is 1496568046.476415
['config']
Dirname is in /Users/vishnuhari/Documents/PythonML/dynamicImgprocessor/config.cfg
Done initialization
Generating file nasa1.jpeg
Size & bandwidth is 320 & 2g
Sumup value is 3
Image nasa1.jpeg is generated from path /users/vishnuhari/pictures/nasa1.jpeg
Completed image for nasa1.jpeg in finally
Starttime is 1496568055.930496
['config']
Dirname is in /Users/vishnuhari/Documents/PythonML/dynamicImgprocessor/config.cfg
Done initialization
Generating file nasa1.jpeg
Size & bandwidth is 320 & 2g
Sumup value is 3
Image nasa1.jpeg is generated from path /users/vishnuhari/pictures/nasa1.jpeg
Completed image for nasa1.jpeg in finally
Starttime is 1496568128.934057
['config']
Dirname is in /Users/vishnuhari/Documents/PythonML/dynamicImgprocessor/config.cfg
Done initialization
Generating file nasa1.jpeg
Size & bandwidth is 320 & 2g
Sumup value is 3
Image nasa1.jpeg is generated from path /users/vishnuhari/pictures/nasa1.jpeg
Completed image for nasa1.jpeg in finally
Starttime is 1496568181.367459
['config']
Dirname is in /Users/vishnuhari/Documents/PythonML/dynamicImgprocessor/config.cfg
Done initialization
Generating file nasa1.jpeg
Size & bandwidth is 320 & 2g
Sumup value is 3
Image nasa1.jpeg is generated from path /users/vishnuhari/pictures/nasa1.jpeg
Completed image for nasa1.jpeg in finally
Starttime is 1496568226.055902
['config']
Dirname is in /Users/vishnuhari/Documents/PythonML/dynamicImgprocessor/config.cfg
Done initialization
Generating file nasa1.jpeg
Size & bandwidth is 320 & 2g
Sumup value is 3
Image nasa1.jpeg is generated from path /users/vishnuhari/pictures/nasa1.jpeg
Completed image for nasa1.jpeg in finally
Starttime is 1496568227.886289
['config']
Dirname is in /Users/vishnuhari/Documents/PythonML/dynamicImgprocessor/config.cfg
Done initialization
Generating file nasa1.jpeg
Size & bandwidth is 320 & 2g
Sumup value is 3
Image nasa1.jpeg is generated from path /users/vishnuhari/pictures/nasa1.jpeg
Completed image for nasa1.jpeg in finally
Starttime is 1496568248.058966
['config']
Dirname is in /Users/vishnuhari/Documents/PythonML/dynamicImgprocessor/config.cfg
Done initialization
Generating file nasa1.jpeg
Size & bandwidth is 320 & 2g
Sumup value is 3
Image nasa1.jpeg is generated from path /users/vishnuhari/pictures/nasa1.jpeg
Completed image for nasa1.jpeg in finally
Starttime is 1496568343.408366
['config']
Dirname is in /Users/vishnuhari/Documents/PythonML/dynamicImgprocessor/config.cfg
Done initialization
Generating file nasa1.jpeg
Size & bandwidth is 320 & 2g
Sumup value is 3
Image nasa1.jpeg is generated from path /users/vishnuhari/pictures/nasa1.jpeg
Completed image for nasa1.jpeg in finally
Starttime is 1496568501.322926
['config']
Dirname is in /Users/vishnuhari/Documents/PythonML/dynamicImgprocessor/config.cfg
Done initialization
Generating file nasa1.jpeg
Size & bandwidth is 320 & 2g
Sumup value is 3
Image nasa1.jpeg is generated from path /users/vishnuhari/pictures/nasa1.jpeg
Completed image for nasa1.jpeg in finally
Starttime is 1496568509.890413
['config']
Dirname is in /Users/vishnuhari/Documents/PythonML/dynamicImgprocessor/config.cfg
Done initialization
Generating file nasa1.png
Size & bandwidth is 320 & 2g
Sumup value is 3
Image nasa1.png is generated from path /users/vishnuhari/pictures/nasa1.png
Completed image for nasa1.png in finally
Starttime is 1496568545.684706
['config']
Dirname is in /Users/vishnuhari/Documents/PythonML/dynamicImgprocessor/config.cfg
Done initialization
Generating file nasa1.png
Size & bandwidth is 320 & 2g
Sumup value is 3
Image nasa1.png is generated from path /users/vishnuhari/pictures/nasa1.png
Completed image for nasa1.png in finally
['config']
Dirname is in /Users/vishnuhari/Documents/PythonML/dynamicImgprocessor/config.cfg
Done initialization
Generating file nasa1.png
Size & bandwidth is 320 & 2g
Sumup value is 3
Image nasa1.png is generated from path /users/vishnuhari/pictures/nasa1.png
Completed image for nasa1.png in finally
Starttime is 1496568630.1486132
['config']
Dirname is in /Users/vishnuhari/Documents/PythonML/dynamicImgprocessor/config.cfg
Done initialization
Generating file nasa1.png
Size & bandwidth is 320 & 2g
Sumup value is 3
Image nasa1.png is generated from path /users/vishnuhari/pictures/nasa1.png
Completed image for nasa1.png in finally
['config']
Dirname is in /Users/vishnuhari/Documents/PythonML/dynamicImgprocessor/config.cfg
Done initialization
Generating file nasa1.png
Size & bandwidth is 320 & 2g
Sumup value is 3
Image nasa1.png is generated from path /users/vishnuhari/pictures/nasa1.png
Completed image for nasa1.png in finally
Starttime is 1496568691.9816
['config']
Dirname is in /Users/vishnuhari/Documents/PythonML/dynamicImgprocessor/config.cfg
Done initialization
Generating file nasa1.jpeg
Size & bandwidth is 320 & 2g
Sumup value is 3
Image nasa1.jpeg is generated from path /users/vishnuhari/pictures/nasa1.jpeg
Completed image for nasa1.jpeg in finally
Starttime is 1496568695.556124
['config']
Dirname is in /Users/vishnuhari/Documents/PythonML/dynamicImgprocessor/config.cfg
Done initialization
Generating file nasa.jpeg
Size & bandwidth is 320 & 2g
Sumup value is 3
Image nasa.jpeg is generated from path /users/vishnuhari/pictures/nasa.jpeg
Size of image is (1534, 1022)
Using image resize method - WXH = 536_357
Image nasa.jpeg is generated with force False
Completed image for nasa.jpeg in finally
['config']
Dirname is in /Users/vishnuhari/Documents/PythonML/dynamicImgprocessor/config.cfg
Done initialization
Generating file nasa.jpeg
Size & bandwidth is 320 & 2g
Sumup value is 3
Image nasa.jpeg is generated from path /users/vishnuhari/pictures/nasa.jpeg
Size of image is (1534, 1022)
Using image resize method - WXH = 536_357
Image nasa.jpeg is generated with force False
Completed image for nasa.jpeg in finally
Starttime is 1496568843.380096
['config']
Dirname is in /Users/vishnuhari/Documents/PythonML/dynamicImgprocessor/config.cfg
Done initialization
Generating file nasa1.jpeg
Size & bandwidth is 320 & 2g
Sumup value is 3
Image nasa1.jpeg is generated from path /users/vishnuhari/pictures/nasa1.jpeg
Completed image for nasa1.jpeg in finally
Starttime is 1496568843.382676
['config']
Dirname is in /Users/vishnuhari/Documents/PythonML/dynamicImgprocessor/config.cfg
Done initialization
Generating file 404image.png
Size & bandwidth is 1080 & *
Sumup value is 13
Image 404image.png is generated from path /users/vishnuhari/pictures/404image.png
Size of image is (173, 60)
Using image resize method - WXH = 129_44
Image 404image.png is generated with force 0
Completed image for 404image.png in finally
Starttime is 1496568861.085818
['config']
Dirname is in /Users/vishnuhari/Documents/PythonML/dynamicImgprocessor/config.cfg
Done initialization
Generating file 404img.jpeg
Size & bandwidth is 320 & 2g
Sumup value is 3
Image 404img.jpeg is generated from path /users/vishnuhari/pictures/404img.jpeg
Completed image for 404img.jpeg in finally
Starttime is 1496568861.087272
['config']
Dirname is in /Users/vishnuhari/Documents/PythonML/dynamicImgprocessor/config.cfg
Done initialization
Generating file 404image.png
Size & bandwidth is 1080 & *
Sumup value is 13
Image 404image.png is generated from path /users/vishnuhari/pictures/404image.png
Size of image is (173, 60)
Using image resize method - WXH = 129_44
Image 404image.png is generated with force 0
Completed image for 404image.png in finally
